<?xml version="1.0" encoding="UTF-8"?>
<!-- Generated by org.testng.reporters.JUnitReportReporter -->
<testsuite hostname="Dzikra-Shanum" failures="0" tests="3" name="com.juaracoding.featuretwo.ProcedureExecution" time="0.015" errors="0" timestamp="2022-10-07T20:13:52 WIB" skipped="1">
  <testcase classname="com.juaracoding.featuretwo.ProcedureExecution" name="testOne" time="0.009"/>
  <system-out/>
  <testcase classname="com.juaracoding.featuretwo.ProcedureExecution" name="testThree" time="0.006"/>
  <system-out/>
  <testcase classname="com.juaracoding.featuretwo.ProcedureExecution" name="testTwo">
    <skipped/>
  </testcase> <!-- testTwo -->
  <system-out/>
</testsuite> <!-- com.juaracoding.featuretwo.ProcedureExecution -->
